<?xml version="1.0" encoding="UTF-8"?>
<!-- Generated by org.testng.reporters.JUnitReportReporter -->
<testsuite skipped="0" hostname="DESKTOP-TQEA3MJ" name="com.skerp.qa.pagetest.Test" tests="2" failures="0" timestamp="25 Oct 2018 14:03:21 GMT" time="0.006" errors="0">
  <testcase name="test2" time="0.001" classname="com.skerp.qa.pagetest.Test"/>
  <testcase name="test11" time="0.005" classname="com.skerp.qa.pagetest.Test"/>
</testsuite> <!-- com.skerp.qa.pagetest.Test -->
