<?xml version="1.0" encoding="UTF-8"?>
<!-- Generated by org.testng.reporters.JUnitReportReporter -->
<testsuite skipped="0" hostname="DESKTOP-TQEA3MJ" name="com.skerp.qa.pagetest.Parent" tests="2" failures="0" timestamp="09 Nov 2018 15:48:41 GMT" time="0.007" errors="0">
  <testcase name="test11" time="0.005" classname="com.skerp.qa.pagetest.Parent"/>
  <testcase name="test2" time="0.002" classname="com.skerp.qa.pagetest.Parent"/>
</testsuite> <!-- com.skerp.qa.pagetest.Parent -->
