<?xml version="1.0" encoding="UTF-8"?>
<!-- Generated by org.testng.reporters.JUnitReportReporter -->
<testsuite skipped="0" hostname="DESKTOP-TQEA3MJ" name="com.skerp.qa.pagetest.Test2" tests="1" failures="0" timestamp="27 Oct 2018 05:49:39 GMT" time="0.000" errors="0">
  <testcase name="test3" time="0.000" classname="com.skerp.qa.pagetest.Test2"/>
</testsuite> <!-- com.skerp.qa.pagetest.Test2 -->
