<?xml version="1.0" encoding="UTF-8"?>
<!-- Generated by org.testng.reporters.JUnitReportReporter -->
<testsuite skipped="0" hostname="DESKTOP-TQEA3MJ" name="com.skerp.qa.pagetest.Test1" tests="2" failures="0" timestamp="13 Nov 2018 08:46:49 GMT" time="0.000" errors="0">
  <testcase name="test11" time="0.000" classname="com.skerp.qa.pagetest.Test1"/>
  <testcase name="test2" time="0.000" classname="com.skerp.qa.pagetest.Test1"/>
</testsuite> <!-- com.skerp.qa.pagetest.Test1 -->
