<?xml version="1.0" encoding="UTF-8"?>
<!-- Generated by org.testng.reporters.JUnitReportReporter -->
<testsuite skipped="0" hostname="DESKTOP-TQEA3MJ" name="com.skerp.qa.pagetest.Test2" tests="1" failures="0" timestamp="13 Nov 2018 08:46:49 GMT" time="0.001" errors="0">
  <testcase name="test3" time="0.001" classname="com.skerp.qa.pagetest.Test2"/>
</testsuite> <!-- com.skerp.qa.pagetest.Test2 -->
